2026-02-26T06:33:17.606Z [ctureModificationListener$Companion.initForProject] INFO ProjectStructureModificationListener is init for project Curso Intensivo de Python
2026-02-26T06:33:17.610Z [s.AiToolwindowsInitializer.reinitializeToolWindows] INFO AI state ENABLED
2026-02-26T06:33:17.674Z [intellij.services.AiInitializeManager.initializeAI] INFO IntelliJ listens web server on port: 63342
2026-02-26T06:33:17.746Z [y.aiintellij.ui.panels.AIToolWindowLogPanel.<init>] INFO initializing a logs panel
2026-02-26T06:33:17.825Z [y.aiintellij.ui.panels.AIToolWindowLogPanel.<init>] INFO initializing a logs panel
2026-02-26T06:33:20.044Z [urity.aiintellij.utils.logging.AiLoggerAdapter.log] SEVE can't determine total memory
2026-02-26T06:33:20.044Z [urity.aiintellij.utils.logging.AiLoggerAdapter.log] SEVE Unable to locate JNA native support library
2026-02-26T06:33:20.047Z [urity.aiintellij.utils.logging.AiLoggerAdapter.log] SEVE can't determine bitness
2026-02-26T06:33:20.047Z [urity.aiintellij.utils.logging.AiLoggerAdapter.log] SEVE Could not initialize class com.sun.jna.Native
2026-02-26T06:33:20.049Z [urity.aiintellij.utils.logging.AiLoggerAdapter.log] INFO compatibility warnings: []
2026-02-26T06:33:20.049Z [urity.aiintellij.utils.logging.AiLoggerAdapter.log] INFO compatibility errors: []
2026-02-26T06:33:31.480Z [ructureTask$handleDownloadingError$1.invokeSuspend] WARN class java.nio.channels.UnresolvedAddressException
2026-02-26T06:33:31.481Z [ructureTask$handleDownloadingError$1.invokeSuspend] WARN java.nio.channels.UnresolvedAddressException
	at java.base/sun.nio.ch.Net.checkAddress(Net.java:137)
	at java.base/sun.nio.ch.Net.checkAddress(Net.java:145)
	at java.base/sun.nio.ch.SocketChannelImpl.checkRemote(SocketChannelImpl.java:842)
	at java.base/sun.nio.ch.SocketChannelImpl.connect(SocketChannelImpl.java:865)
	at io.ktor.network.sockets.SocketImpl.connect$ktor_network(SocketImpl.kt:44)
	at io.ktor.network.sockets.ConnectUtilsJvmKt.connect(ConnectUtilsJvm.kt:21)
	at io.ktor.network.sockets.TcpSocketBuilder.connect(TcpSocketBuilder.kt:40)
	at io.ktor.client.engine.cio.ConnectionFactory.connect(ConnectionFactory.kt:30)
	at io.ktor.client.engine.cio.Endpoint$connect$2$connect$1.invokeSuspend(Endpoint.kt:210)
	at io.ktor.client.engine.cio.Endpoint$connect$2$connect$1.invoke(Endpoint.kt)
	at io.ktor.client.engine.cio.Endpoint$connect$2$connect$1.invoke(Endpoint.kt)
	at kotlinx.coroutines.intrinsics.UndispatchedKt.startUndispatchedOrReturnIgnoreTimeout(Undispatched.kt:53)
	at kotlinx.coroutines.TimeoutKt.setupTimeout(Timeout.kt:148)
	at kotlinx.coroutines.TimeoutKt.withTimeoutOrNull(Timeout.kt:104)
	at io.ktor.client.engine.cio.Endpoint.connect(Endpoint.kt:218)
	at io.ktor.client.engine.cio.Endpoint.makeDedicatedRequest(Endpoint.kt:101)
	at io.ktor.client.engine.cio.Endpoint.execute(Endpoint.kt:65)
	at io.ktor.client.engine.cio.CIOEngine.execute(CIOEngine.kt:82)
	at io.ktor.client.engine.HttpClientEngine$executeWithinCallContext$2.invokeSuspend(HttpClientEngine.kt:99)
	at kotlin.coroutines.jvm.internal.BaseContinuationImpl.resumeWith(ContinuationImpl.kt:34)
	at kotlinx.coroutines.DispatchedTask.run(DispatchedTask.kt:101)
	at kotlinx.coroutines.internal.LimitedDispatcher$Worker.run(LimitedDispatcher.kt:113)
	at kotlinx.coroutines.scheduling.TaskImpl.run(Tasks.kt:89)
	at kotlinx.coroutines.scheduling.CoroutineScheduler.runSafely(CoroutineScheduler.kt:589)
	at kotlinx.coroutines.scheduling.CoroutineScheduler$Worker.executeTask(CoroutineScheduler.kt:823)
	at kotlinx.coroutines.scheduling.CoroutineScheduler$Worker.runWorker(CoroutineScheduler.kt:720)
	at kotlinx.coroutines.scheduling.CoroutineScheduler$Worker.run(CoroutineScheduler.kt:707)

